{
  "RSpec": {
    "coverage": {
      "/home/word4wisdom/tic-tac-toe-rb-v-000/lib/tic_tac_toe.rb": [
        null,
        1,
        null,
        null,
        null,
        null,
        null,
        null,
        null,
        null,
        null,
        null,
        null,
        1,
        0,
        0,
        0,
        0,
        0,
        0,
        null,
        null,
        null,
        1,
        7,
        null,
        null,
        1,
        0,
        null,
        null,
        1,
        41,
        null,
        null,
        1,
        7,
        7,
        null,
        null,
        null,
        1,
        7,
        7,
        7,
        7,
        7,
        0,
        null,
        0,
        null,
        null,
        null,
        null,
        1,
        17,
        98,
        null,
        null,
        null,
        null,
        null,
        1,
        44,
        null,
        null,
        1,
        6,
        null,
        null,
        1,
        8,
        null,
        null,
        1,
        3,
        0,
        null,
        null,
        null,
        1,
        12,
        7,
        null,
        5,
        3,
        2,
        2,
        null,
        null,
        null,
        null,
        null,
        null
      ]
    },
    "timestamp": 1558726615
  }
}
